
> storybook-addon-ban-under-16px@0.0.0 build-storybook
> storybook build

storybook v9.1.2

info => Cleaning outputDir: storybook-static
info => Loading presets
info => Building manager..
info => Building preview..
No story files found for the specified pattern: src/**/*.mdx
info Using tsconfig paths for react-docgen
vite v5.4.19 building for production...
transforming...
✓ 78 modules transformed.
rendering chunks...
computing gzip size...
storybook-static/iframe.html                                  18.28 kB │ gzip:   5.13 kB
storybook-static/assets/index-BQgfsJOm.js                      0.46 kB │ gzip:   0.30 kB
storybook-static/assets/jsx-runtime-DQ9GQgQH.js                0.92 kB │ gzip:   0.58 kB
storybook-static/assets/Page.stories-Dr8O88k7.js               1.01 kB │ gzip:   0.44 kB
storybook-static/assets/preload-helper-C1FmrZbK.js             1.14 kB │ gzip:   0.68 kB
storybook-static/vite-inject-mocker-entry.js                  29.18 kB │ gzip:  10.13 kB
storybook-static/assets/Color-AVL7NMMY-CdKS6jz6.js            29.41 kB │ gzip:  11.08 kB
storybook-static/assets/react-18-B-BI46Ck.js                 134.81 kB │ gzip:  43.53 kB
storybook-static/assets/DocsRenderer-PQXLIZUC-CK1zAZin.js    664.44 kB │ gzip: 218.64 kB
storybook-static/assets/iframe-CC5pTYfO.js                 1,231.00 kB │ gzip: 343.16 kB

(!) Some chunks are larger than 500 kB after minification. Consider:
- Using dynamic import() to code-split the application
- Use build.rollupOptions.output.manualChunks to improve chunking: https://rollupjs.org/configuration-options/#output-manualchunks
- Adjust chunk size limit for this warning via build.chunkSizeWarningLimit.
✓ built in 10.00s
info => Output directory: /app/storybook-static
